# JRE version: Java(TM) SE Runtime Environment (7.0_51-b13) (build 1.7.0_51-b13)
# Java VM: Java HotSpot(TM) Client VM (24.51-b03 mixed mode windows-x86 )
Heap
 def new generation   total 14592K, used 12992K [0x03660000, 0x04630000, 0x18bb0000)
  eden space 12992K, 100% used [0x03660000, 0x04310000, 0x04310000)
  from space 1600K,   0% used [0x04310000, 0x04310000, 0x044a0000)
  to   space 1600K, 100% used [0x044a0000, 0x04630000, 0x04630000)
 tenured generation   total 32692K, used 32691K [0x18bb0000, 0x1abbd000, 0x43660000)
   the space 32692K,  99% used [0x18bb0000, 0x1ab9cff0, 0x1ab9d000, 0x1ab9d000)
 compacting perm gen  total 12288K, used 3528K [0x43660000, 0x44260000, 0x47660000)
   the space 12288K,  28% used [0x43660000, 0x439d2148, 0x439d2200, 0x44260000)
GC Heap History (10 events):
Event: 8.254 GC heap after
Heap after GC invocations=27 (full 2):
 def new generation   total 14400K, used 1599K [0x03660000, 0x04600000, 0x18bb0000)
  eden space 12800K,   0% used [0x03660000, 0x03660000, 0x042e0000)
  from space 1600K,  99% used [0x042e0000, 0x0446fff8, 0x04470000)
  to   space 1600K,   0% used [0x04470000, 0x04470000, 0x04600000)
 tenured generation   total 31924K, used 25424K [0x18bb0000, 0x1aadd000, 0x43660000)
   the space 31924K,  79% used [0x18bb0000, 0x1a484040, 0x1a484200, 0x1aadd000)
 compacting perm gen  total 12288K, used 3528K [0x43660000, 0x44260000, 0x47660000)
   the space 12288K,  28% used [0x43660000, 0x439d2148, 0x439d2200, 0x44260000)
No shared spaces configured.
}
Event: 8.432 GC heap before
{Heap before GC invocations=27 (full 2):
 def new generation   total 14400K, used 14399K [0x03660000, 0x04600000, 0x18bb0000)
  eden space 12800K, 100% used [0x03660000, 0x042e0000, 0x042e0000)
  from space 1600K,  99% used [0x042e0000, 0x0446fff8, 0x04470000)
  to   space 1600K,   0% used [0x04470000, 0x04470000, 0x04600000)
 tenured generation   total 31924K, used 25424K [0x18bb0000, 0x1aadd000, 0x43660000)
   the space 31924K,  79% used [0x18bb0000, 0x1a484040, 0x1a484200, 0x1aadd000)
 compacting perm gen  total 12288K, used 3528K [0x43660000, 0x44260000, 0x47660000)
   the space 12288K,  28% used [0x43660000, 0x439d2148, 0x439d2200, 0x44260000)
No shared spaces configured.
Event: 8.454 GC heap after
Heap after GC invocations=28 (full 2):
 def new generation   total 14400K, used 1600K [0x03660000, 0x04600000, 0x18bb0000)
  eden space 12800K,   0% used [0x03660000, 0x03660000, 0x042e0000)
  from space 1600K, 100% used [0x04470000, 0x04600000, 0x04600000)
  to   space 1600K,   0% used [0x042e0000, 0x042e0000, 0x04470000)
 tenured generation   total 31924K, used 26618K [0x18bb0000, 0x1aadd000, 0x43660000)
   the space 31924K,  83% used [0x18bb0000, 0x1a5aeac0, 0x1a5aec00, 0x1aadd000)
 compacting perm gen  total 12288K, used 3528K [0x43660000, 0x44260000, 0x47660000)
   the space 12288K,  28% used [0x43660000, 0x439d2148, 0x439d2200, 0x44260000)
No shared spaces configured.
}
Event: 8.720 GC heap before
{Heap before GC invocations=28 (full 2):
 def new generation   total 14400K, used 14400K [0x03660000, 0x04600000, 0x18bb0000)
  eden space 12800K, 100% used [0x03660000, 0x042e0000, 0x042e0000)
  from space 1600K, 100% used [0x04470000, 0x04600000, 0x04600000)
  to   space 1600K,   0% used [0x042e0000, 0x042e0000, 0x04470000)
 tenured generation   total 31924K, used 26618K [0x18bb0000, 0x1aadd000, 0x43660000)
   the space 31924K,  83% used [0x18bb0000, 0x1a5aeac0, 0x1a5aec00, 0x1aadd000)
 compacting perm gen  total 12288K, used 3528K [0x43660000, 0x44260000, 0x47660000)
   the space 12288K,  28% used [0x43660000, 0x439d2148, 0x439d2200, 0x44260000)
No shared spaces configured.
Event: 8.750 GC heap after
Heap after GC invocations=29 (full 2):
 def new generation   total 14400K, used 1599K [0x03660000, 0x04600000, 0x18bb0000)
  eden space 12800K,   0% used [0x03660000, 0x03660000, 0x042e0000)
  from space 1600K,  99% used [0x042e0000, 0x0446fff8, 0x04470000)
  to   space 1600K,   0% used [0x04470000, 0x04470000, 0x04600000)
 tenured generation   total 31924K, used 28238K [0x18bb0000, 0x1aadd000, 0x43660000)
   the space 31924K,  88% used [0x18bb0000, 0x1a743aa0, 0x1a743c00, 0x1aadd000)
 compacting perm gen  total 12288K, used 3528K [0x43660000, 0x44260000, 0x47660000)
   the space 12288K,  28% used [0x43660000, 0x439d2148, 0x439d2200, 0x44260000)
No shared spaces configured.
}
Event: 8.890 GC heap before
{Heap before GC invocations=29 (full 2):
 def new generation   total 14400K, used 14399K [0x03660000, 0x04600000, 0x18bb0000)
  eden space 12800K, 100% used [0x03660000, 0x042e0000, 0x042e0000)
  from space 1600K,  99% used [0x042e0000, 0x0446fff8, 0x04470000)
  to   space 1600K,   0% used [0x04470000, 0x04470000, 0x04600000)
 tenured generation   total 31924K, used 28238K [0x18bb0000, 0x1aadd000, 0x43660000)
   the space 31924K,  88% used [0x18bb0000, 0x1a743aa0, 0x1a743c00, 0x1aadd000)
 compacting perm gen  total 12288K, used 3528K [0x43660000, 0x44260000, 0x47660000)
   the space 12288K,  28% used [0x43660000, 0x439d2148, 0x439d2200, 0x44260000)
No shared spaces configured.
Event: 8.916 GC heap after
Heap after GC invocations=30 (full 2):
 def new generation   total 14400K, used 1599K [0x03660000, 0x04600000, 0x18bb0000)
  eden space 12800K,   0% used [0x03660000, 0x03660000, 0x042e0000)
  from space 1600K,  99% used [0x04470000, 0x045ffff8, 0x04600000)
  to   space 1600K,   0% used [0x042e0000, 0x042e0000, 0x04470000)
 tenured generation   total 31924K, used 30117K [0x18bb0000, 0x1aadd000, 0x43660000)
   the space 31924K,  94% used [0x18bb0000, 0x1a9196c0, 0x1a919800, 0x1aadd000)
 compacting perm gen  total 12288K, used 3528K [0x43660000, 0x44260000, 0x47660000)
   the space 12288K,  28% used [0x43660000, 0x439d2148, 0x439d2200, 0x44260000)
No shared spaces configured.
}
Event: 9.041 GC heap before
{Heap before GC invocations=30 (full 2):
 def new generation   total 14400K, used 14399K [0x03660000, 0x04600000, 0x18bb0000)
  eden space 12800K, 100% used [0x03660000, 0x042e0000, 0x042e0000)
  from space 1600K,  99% used [0x04470000, 0x045ffff8, 0x04600000)
  to   space 1600K,   0% used [0x042e0000, 0x042e0000, 0x04470000)
 tenured generation   total 31924K, used 30117K [0x18bb0000, 0x1aadd000, 0x43660000)
   the space 31924K,  94% used [0x18bb0000, 0x1a9196c0, 0x1a919800, 0x1aadd000)
 compacting perm gen  total 12288K, used 3528K [0x43660000, 0x44260000, 0x47660000)
   the space 12288K,  28% used [0x43660000, 0x439d2148, 0x439d2200, 0x44260000)
No shared spaces configured.
Event: 9.335 GC heap after
Heap after GC invocations=31 (full 3):
 def new generation   total 14592K, used 1242K [0x03660000, 0x04630000, 0x18bb0000)
  eden space 12992K,   9% used [0x03660000, 0x03796808, 0x04310000)
  from space 1600K,   0% used [0x04310000, 0x04310000, 0x044a0000)
  to   space 1600K,   0% used [0x044a0000, 0x044a0000, 0x04630000)
 tenured generation   total 32308K, used 32307K [0x18bb0000, 0x1ab3d000, 0x43660000)
   the space 32308K,  99% used [0x18bb0000, 0x1ab3cff0, 0x1ab3d000, 0x1ab3d000)
 compacting perm gen  total 12288K, used 3528K [0x43660000, 0x44260000, 0x47660000)
   the space 12288K,  28% used [0x43660000, 0x439d2148, 0x439d2200, 0x44260000)
No shared spaces configured.
}
Event: 9.464 GC heap before
{Heap before GC invocations=31 (full 3):
 def new generation   total 14592K, used 12992K [0x03660000, 0x04630000, 0x18bb0000)
  eden space 12992K, 100% used [0x03660000, 0x04310000, 0x04310000)
  from space 1600K,   0% used [0x04310000, 0x04310000, 0x044a0000)
  to   space 1600K,   0% used [0x044a0000, 0x044a0000, 0x04630000)
 tenured generation   total 32308K, used 32307K [0x18bb0000, 0x1ab3d000, 0x43660000)
   the space 32308K,  99% used [0x18bb0000, 0x1ab3cff0, 0x1ab3d000, 0x1ab3d000)
 compacting perm gen  total 12288K, used 3528K [0x43660000, 0x44260000, 0x47660000)
   the space 12288K,  28% used [0x43660000, 0x439d2148, 0x439d2200, 0x44260000)
No shared spaces configured.

